2025-09-20T04:06:02: [INFO] Starting snapshot loop: db=/home/anirudh/data-universe/SqliteMinerStorage.sqlite out_dir=/home/anirudh/data-universe/scripts/public_db interval=600s gzip=True
2025-09-20T04:06:03: [OK] Snapshot created: /home/anirudh/data-universe/scripts/public_db/SqliteMinerStorage_20250919_223602.sqlite
2025-09-20T04:16:06: [OK] Snapshot created: /home/anirudh/data-universe/scripts/public_db/SqliteMinerStorage_20250919_224604.sqlite
2025-09-20T04:17:40: [INFO] Starting snapshot loop: db=/home/anirudh/data-universe/SqliteMinerStorage.sqlite out_dir=/home/anirudh/data-universe/scripts/public_db interval=600s gzip=True
2025-09-20T04:17:41: [OK] Snapshot created: /home/anirudh/data-universe/scripts/public_db/SqliteMinerStorage_20250919_224740.sqlite
2025-09-20T04:27:43: [OK] Snapshot created: /home/anirudh/data-universe/scripts/public_db/SqliteMinerStorage_20250919_225742.sqlite
2025-09-20T04:37:46: [OK] Snapshot created: /home/anirudh/data-universe/scripts/public_db/SqliteMinerStorage_20250919_230744.sqlite
2025-09-20T09:24:50: [INFO] Starting snapshot loop: db=/home/anirudh/data-universe/SqliteMinerStorage.sqlite out_dir=/home/anirudh/data-universe/scripts/public_db interval=600s gzip=True
2025-09-20T09:24:51: [OK] Snapshot created: /home/anirudh/data-universe/scripts/public_db/SqliteMinerStorage_20250920_035450.sqlite
2025-09-20T09:34:54: [OK] Snapshot created: /home/anirudh/data-universe/scripts/public_db/SqliteMinerStorage_20250920_040452.sqlite
2025-09-20T09:44:57: [OK] Snapshot created: /home/anirudh/data-universe/scripts/public_db/SqliteMinerStorage_20250920_041455.sqlite
2025-09-20T10:22:02: [OK] Snapshot created: /home/anirudh/data-universe/scripts/public_db/SqliteMinerStorage_20250920_045200.sqlite
2025-09-20T10:32:05: [OK] Snapshot created: /home/anirudh/data-universe/scripts/public_db/SqliteMinerStorage_20250920_050203.sqlite
2025-09-20T10:42:08: [OK] Snapshot created: /home/anirudh/data-universe/scripts/public_db/SqliteMinerStorage_20250920_051206.sqlite
2025-09-20T10:52:11: [OK] Snapshot created: /home/anirudh/data-universe/scripts/public_db/SqliteMinerStorage_20250920_052209.sqlite
2025-09-20T11:02:17: [OK] Snapshot created: /home/anirudh/data-universe/scripts/public_db/SqliteMinerStorage_20250920_053212.sqlite
2025-09-20T11:12:21: [OK] Snapshot created: /home/anirudh/data-universe/scripts/public_db/SqliteMinerStorage_20250920_054218.sqlite
2025-09-20T11:22:24: [OK] Snapshot created: /home/anirudh/data-universe/scripts/public_db/SqliteMinerStorage_20250920_055221.sqlite
2025-09-20T11:32:26: [OK] Snapshot created: /home/anirudh/data-universe/scripts/public_db/SqliteMinerStorage_20250920_060224.sqlite
2025-09-20T11:42:30: [OK] Snapshot created: /home/anirudh/data-universe/scripts/public_db/SqliteMinerStorage_20250920_061227.sqlite
2025-09-20T11:52:33: [OK] Snapshot created: /home/anirudh/data-universe/scripts/public_db/SqliteMinerStorage_20250920_062230.sqlite
2025-09-20T12:02:36: [OK] Snapshot created: /home/anirudh/data-universe/scripts/public_db/SqliteMinerStorage_20250920_063233.sqlite
2025-09-20T12:12:39: [OK] Snapshot created: /home/anirudh/data-universe/scripts/public_db/SqliteMinerStorage_20250920_064236.sqlite
2025-09-20T12:22:42: [OK] Snapshot created: /home/anirudh/data-universe/scripts/public_db/SqliteMinerStorage_20250920_065239.sqlite
2025-09-20T12:32:45: [OK] Snapshot created: /home/anirudh/data-universe/scripts/public_db/SqliteMinerStorage_20250920_070243.sqlite
2025-09-20T12:42:49: [OK] Snapshot created: /home/anirudh/data-universe/scripts/public_db/SqliteMinerStorage_20250920_071246.sqlite
2025-09-20T12:52:53: [OK] Snapshot created: /home/anirudh/data-universe/scripts/public_db/SqliteMinerStorage_20250920_072250.sqlite
2025-09-20T13:06:43: [OK] Snapshot created: /home/anirudh/data-universe/scripts/public_db/SqliteMinerStorage_20250920_073305.sqlite
2025-09-20T13:16:46: [OK] Snapshot created: /home/anirudh/data-universe/scripts/public_db/SqliteMinerStorage_20250920_074643.sqlite
2025-09-20T13:26:50: [OK] Snapshot created: /home/anirudh/data-universe/scripts/public_db/SqliteMinerStorage_20250920_075646.sqlite
2025-09-20T13:36:54: [OK] Snapshot created: /home/anirudh/data-universe/scripts/public_db/SqliteMinerStorage_20250920_080650.sqlite
2025-09-20T13:46:58: [OK] Snapshot created: /home/anirudh/data-universe/scripts/public_db/SqliteMinerStorage_20250920_081655.sqlite
2025-09-20T13:57:03: [OK] Snapshot created: /home/anirudh/data-universe/scripts/public_db/SqliteMinerStorage_20250920_082659.sqlite
2025-09-20T14:07:07: [OK] Snapshot created: /home/anirudh/data-universe/scripts/public_db/SqliteMinerStorage_20250920_083703.sqlite
2025-09-20T14:17:11: [OK] Snapshot created: /home/anirudh/data-universe/scripts/public_db/SqliteMinerStorage_20250920_084708.sqlite
2025-09-20T14:27:16: [OK] Snapshot created: /home/anirudh/data-universe/scripts/public_db/SqliteMinerStorage_20250920_085712.sqlite
2025-09-20T14:37:20: [OK] Snapshot created: /home/anirudh/data-universe/scripts/public_db/SqliteMinerStorage_20250920_090716.sqlite
2025-09-20T14:47:25: [OK] Snapshot created: /home/anirudh/data-universe/scripts/public_db/SqliteMinerStorage_20250920_091721.sqlite
2025-09-20T14:57:30: [OK] Snapshot created: /home/anirudh/data-universe/scripts/public_db/SqliteMinerStorage_20250920_092726.sqlite
2025-09-20T17:46:23: [OK] Snapshot created: /home/anirudh/data-universe/scripts/public_db/SqliteMinerStorage_20250920_121615.sqlite
2025-09-20T17:56:26: [OK] Snapshot created: /home/anirudh/data-universe/scripts/public_db/SqliteMinerStorage_20250920_122623.sqlite
2025-09-20T18:06:30: [OK] Snapshot created: /home/anirudh/data-universe/scripts/public_db/SqliteMinerStorage_20250920_123627.sqlite
2025-09-20T18:16:34: [OK] Snapshot created: /home/anirudh/data-universe/scripts/public_db/SqliteMinerStorage_20250920_124631.sqlite
2025-09-20T18:26:38: [OK] Snapshot created: /home/anirudh/data-universe/scripts/public_db/SqliteMinerStorage_20250920_125634.sqlite
2025-09-20T18:36:41: [OK] Snapshot created: /home/anirudh/data-universe/scripts/public_db/SqliteMinerStorage_20250920_130638.sqlite
2025-09-20T18:46:45: [OK] Snapshot created: /home/anirudh/data-universe/scripts/public_db/SqliteMinerStorage_20250920_131642.sqlite
2025-09-20T18:51:00: [INFO] Starting snapshot loop: db=/home/anirudh/data-universe/SqliteMinerStorage.sqlite out_dir=/home/anirudh/data-universe/scripts/public_db interval=600s gzip=True
2025-09-20T18:51:04: [OK] Snapshot created: /home/anirudh/data-universe/scripts/public_db/SqliteMinerStorage_20250920_132100.sqlite
2025-09-20T19:01:08: [OK] Snapshot created: /home/anirudh/data-universe/scripts/public_db/SqliteMinerStorage_20250920_133104.sqlite
2025-09-20T19:11:13: [OK] Snapshot created: /home/anirudh/data-universe/scripts/public_db/SqliteMinerStorage_20250920_134109.sqlite
2025-09-20T19:21:18: [OK] Snapshot created: /home/anirudh/data-universe/scripts/public_db/SqliteMinerStorage_20250920_135114.sqlite
2025-09-20T19:31:24: [OK] Snapshot created: /home/anirudh/data-universe/scripts/public_db/SqliteMinerStorage_20250920_140118.sqlite
2025-09-20T19:41:30: [OK] Snapshot created: /home/anirudh/data-universe/scripts/public_db/SqliteMinerStorage_20250920_141124.sqlite
2025-09-20T19:51:36: [OK] Snapshot created: /home/anirudh/data-universe/scripts/public_db/SqliteMinerStorage_20250920_142131.sqlite
2025-09-20T20:01:43: [OK] Snapshot created: /home/anirudh/data-universe/scripts/public_db/SqliteMinerStorage_20250920_143137.sqlite
2025-09-20T20:11:50: [OK] Snapshot created: /home/anirudh/data-universe/scripts/public_db/SqliteMinerStorage_20250920_144144.sqlite
2025-09-20T20:21:56: [OK] Snapshot created: /home/anirudh/data-universe/scripts/public_db/SqliteMinerStorage_20250920_145150.sqlite
2025-09-20T20:32:03: [OK] Snapshot created: /home/anirudh/data-universe/scripts/public_db/SqliteMinerStorage_20250920_150157.sqlite
2025-09-20T20:42:09: [OK] Snapshot created: /home/anirudh/data-universe/scripts/public_db/SqliteMinerStorage_20250920_151203.sqlite
2025-09-20T20:52:17: [OK] Snapshot created: /home/anirudh/data-universe/scripts/public_db/SqliteMinerStorage_20250920_152210.sqlite
2025-09-20T21:02:23: [OK] Snapshot created: /home/anirudh/data-universe/scripts/public_db/SqliteMinerStorage_20250920_153217.sqlite
2025-09-20T21:11:19: [INFO] Snapshot loop stopping.
2025-09-21T03:32:02: [INFO] Starting snapshot loop: db=/home/anirudh/developer-docs/data-universe-final/SqliteMinerStorage.sqlite out_dir=/home/anirudh/developer-docs/data-universe-final/scripts/public_db interval=600s gzip=True
2025-09-21T03:32:08: [OK] Snapshot created: /home/anirudh/developer-docs/data-universe-final/scripts/public_db/SqliteMinerStorage_20250920_220202.sqlite
2025-09-21T03:37:35: [INFO] Starting snapshot loop: db=/home/anirudh/developer-docs/data-universe-final/SqliteMinerStorage.sqlite out_dir=/home/anirudh/developer-docs/data-universe-final/scripts/public_db interval=600s gzip=True
2025-09-21T03:37:40: [OK] Snapshot created: /home/anirudh/developer-docs/data-universe-final/scripts/public_db/SqliteMinerStorage_20250920_220735.sqlite
2025-09-21T03:47:49: [OK] Snapshot created: /home/anirudh/developer-docs/data-universe-final/scripts/public_db/SqliteMinerStorage_20250920_221741.sqlite
2025-09-21T03:51:16: [INFO] Starting snapshot loop: db=/home/anirudh/developer-docs/data-universe-final/SqliteMinerStorage.sqlite out_dir=/home/anirudh/developer-docs/data-universe-final/scripts/public_db interval=600s gzip=True
2025-09-21T03:51:23: [OK] Snapshot created: /home/anirudh/developer-docs/data-universe-final/scripts/public_db/SqliteMinerStorage_20250920_222116.sqlite
2025-11-06T02:08:19: [INFO] Starting snapshot loop: db=/home/anirudh/Desktop/data-universe-final/SqliteMinerStorage.sqlite out_dir=/home/anirudh/Desktop/data-universe-final/scripts/public_db interval=600s gzip=True
2025-11-06T02:08:30: [OK] Snapshot created: /home/anirudh/Desktop/data-universe-final/scripts/public_db/SqliteMinerStorage_20251105_203819.sqlite
2025-11-06T02:08:35: [INFO] Snapshot loop stopping.
